0 info it worked if it ends with ok
1 verbose cli [ '/usr/local/bin/node',
1 verbose cli   '/usr/local/bin/npm',
1 verbose cli   'run',
1 verbose cli   'startWithConcurrently' ]
2 info using npm@4.0.5
3 info using node@v7.4.0
4 verbose run-script [ 'prestartWithConcurrently',
4 verbose run-script   'startWithConcurrently',
4 verbose run-script   'poststartWithConcurrently' ]
5 info lifecycle todo@1.0.0~prestartWithConcurrently: todo@1.0.0
6 silly lifecycle todo@1.0.0~prestartWithConcurrently: no script for prestartWithConcurrently, continuing
7 info lifecycle todo@1.0.0~startWithConcurrently: todo@1.0.0
8 verbose lifecycle todo@1.0.0~startWithConcurrently: unsafe-perm in lifecycle true
9 verbose lifecycle todo@1.0.0~startWithConcurrently: PATH: /usr/local/lib/node_modules/npm/bin/node-gyp-bin:/Users/samsonyang/Desktop/sourceTree/ReactTodoList/node_modules/.bin:/usr/local/bin:/usr/bin:/bin:/usr/sbin:/sbin
10 verbose lifecycle todo@1.0.0~startWithConcurrently: CWD: /Users/samsonyang/Desktop/sourceTree/ReactTodoList
11 silly lifecycle todo@1.0.0~startWithConcurrently: Args: [ '-c',
11 silly lifecycle   'sudo concurrently --kill-others "babel-watch server.js" "gulp"' ]
12 silly lifecycle todo@1.0.0~startWithConcurrently: Returned: code: 1  signal: null
13 info lifecycle todo@1.0.0~startWithConcurrently: Failed to exec startWithConcurrently script
14 verbose stack Error: todo@1.0.0 startWithConcurrently: `sudo concurrently --kill-others "babel-watch server.js" "gulp"`
14 verbose stack Exit status 1
14 verbose stack     at EventEmitter.<anonymous> (/usr/local/lib/node_modules/npm/lib/utils/lifecycle.js:279:16)
14 verbose stack     at emitTwo (events.js:106:13)
14 verbose stack     at EventEmitter.emit (events.js:191:7)
14 verbose stack     at ChildProcess.<anonymous> (/usr/local/lib/node_modules/npm/lib/utils/spawn.js:40:14)
14 verbose stack     at emitTwo (events.js:106:13)
14 verbose stack     at ChildProcess.emit (events.js:191:7)
14 verbose stack     at maybeClose (internal/child_process.js:885:16)
14 verbose stack     at Process.ChildProcess._handle.onexit (internal/child_process.js:226:5)
15 verbose pkgid todo@1.0.0
16 verbose cwd /Users/samsonyang/Desktop/sourceTree/ReactTodoList
17 error Darwin 16.3.0
18 error argv "/usr/local/bin/node" "/usr/local/bin/npm" "run" "startWithConcurrently"
19 error node v7.4.0
20 error npm  v4.0.5
21 error code ELIFECYCLE
22 error todo@1.0.0 startWithConcurrently: `sudo concurrently --kill-others "babel-watch server.js" "gulp"`
22 error Exit status 1
23 error Failed at the todo@1.0.0 startWithConcurrently script 'sudo concurrently --kill-others "babel-watch server.js" "gulp"'.
23 error Make sure you have the latest version of node.js and npm installed.
23 error If you do, this is most likely a problem with the todo package,
23 error not with npm itself.
23 error Tell the author that this fails on your system:
23 error     sudo concurrently --kill-others "babel-watch server.js" "gulp"
23 error You can get information on how to open an issue for this project with:
23 error     npm bugs todo
23 error Or if that isn't available, you can get their info via:
23 error     npm owner ls todo
23 error There is likely additional logging output above.
24 verbose exit [ 1, true ]
